<?xml version="1.0" encoding="UTF-8"?>
<!-- Generated by org.testng.reporters.JUnitReportReporter -->
<testsuite hostname="MacBook-Pro-2.local" failures="0" tests="1" name="com.example.test.PulsarTestsSample" time="0.012" errors="0" timestamp="2022-12-01T13:12:41 IST" skipped="0">
  <testcase classname="com.example.test.PulsarTestsSample" name="sampleTest" time="0.012"/>
  <system-out/>
</testsuite> <!-- com.example.test.PulsarTestsSample -->
