<?xml version="1.0" encoding="UTF-8"?>
<!-- Generated by org.testng.reporters.JUnitReportReporter -->
<testsuite hostname="MacBook-Pro-2.local" failures="0" tests="1" name="com.example.test.PulsarTestsSample" time="0.005" errors="0" timestamp="2022-11-30T17:39:24 IST" skipped="0">
  <testcase classname="com.example.test.PulsarTestsSample" name="sampleTest" time="0.005"/>
</testsuite> <!-- com.example.test.PulsarTestsSample -->
